# project noname (1.0) configured on Mon Oct 31 15:59:01 2011 by
# waf 1.5.16 (abi 7, python 20702f0 on linux2)
# using /usr/local/bin/node-waf configure
#

----------------------------------------
Checking for program g++ or c++
  find program=['g++', 'c++'] paths=[] var='CXX'
  -> '/usr/bin/g++'

----------------------------------------
Checking for program cpp
  find program=['cpp'] paths=[] var='CPP'
  -> '/usr/bin/cpp'

----------------------------------------
Checking for program ar
  find program=['ar'] paths=[] var='AR'
  -> '/usr/bin/ar'

----------------------------------------
Checking for program ranlib
  find program=['ranlib'] paths=[] var='RANLIB'
  -> '/usr/bin/ranlib'

----------------------------------------
Checking for g++ 
ok 

----------------------------------------
Checking for node path 
not found

----------------------------------------
Checking for node prefix 
ok /usr/local

----------------------------------------
Checking for libgcal
pkg-config --errors-to-stdout --print-errors --cflags --libs libgcal
-I/usr/include/libgcal -I/usr/include/libxml2  -lgcal -lcurl -lxml2  
yes
